<?xml version="1.0" encoding="UTF-8"?>
<!-- Generated by org.testng.reporters.JUnitReportReporter -->
<testsuite hostname="DESKTOP-175K8UN" failures="0" tests="2" name="Runner.RunCucumber" time="66.403" errors="0" timestamp="2024-09-12T15:42:51 IST" skipped="0">
  <testcase classname="Runner.RunCucumber" name="runScenario" time="19.647"/>
  <system-out/>
  <testcase classname="Runner.RunCucumber" name="runScenario" time="46.756"/>
  <system-out/>
</testsuite> <!-- Runner.RunCucumber -->
