<?xml version="1.0" encoding="UTF-8"?>
<!-- Generated by org.testng.reporters.JUnitReportReporter -->
<testsuite hostname="DESKTOP-175K8UN" failures="0" tests="2" name="Runner.RunCucumber" time="47.117" errors="0" timestamp="2024-09-12T14:01:44 IST" skipped="0">
  <testcase classname="Runner.RunCucumber" name="runScenario" time="27.183"/>
  <system-out/>
  <testcase classname="Runner.RunCucumber" name="runScenario" time="19.934"/>
  <system-out/>
</testsuite> <!-- Runner.RunCucumber -->
