<?xml version="1.0" encoding="UTF-8"?>
<!-- Generated by org.testng.reporters.JUnitReportReporter -->
<testsuite hostname="DESKTOP-175K8UN" failures="0" tests="2" name="Runner.RunCucumber" time="68.679" errors="0" timestamp="2024-09-12T13:36:43 IST" skipped="0">
  <testcase classname="Runner.RunCucumber" name="runScenario" time="33.194"/>
  <system-out/>
  <testcase classname="Runner.RunCucumber" name="runScenario" time="35.485"/>
  <system-out/>
</testsuite> <!-- Runner.RunCucumber -->
