<?xml version="1.0" encoding="UTF-8"?>
<!-- Generated by org.testng.reporters.JUnitReportReporter -->
<testsuite hostname="DESKTOP-175K8UN" failures="0" tests="14" name="Runner.RunCucumber" time="88.173" errors="0" timestamp="2024-09-11T13:55:44 IST" skipped="0">
  <testcase classname="Runner.RunCucumber" name="runScenario" time="1.859"/>
  <system-out/>
  <testcase classname="Runner.RunCucumber" name="runScenario" time="30.642"/>
  <system-out/>
  <testcase classname="Runner.RunCucumber" name="runScenario" time="1.685"/>
  <system-out/>
  <testcase classname="Runner.RunCucumber" name="runScenario" time="2.008"/>
  <system-out/>
  <testcase classname="Runner.RunCucumber" name="runScenario" time="1.725"/>
  <system-out/>
  <testcase classname="Runner.RunCucumber" name="runScenario" time="1.712"/>
  <system-out/>
  <testcase classname="Runner.RunCucumber" name="runScenario" time="20.540"/>
  <system-out/>
  <testcase classname="Runner.RunCucumber" name="runScenario" time="1.814"/>
  <system-out/>
  <testcase classname="Runner.RunCucumber" name="runScenario" time="1.733"/>
  <system-out/>
  <testcase classname="Runner.RunCucumber" name="runScenario" time="1.765"/>
  <system-out/>
  <testcase classname="Runner.RunCucumber" name="runScenario" time="1.725"/>
  <system-out/>
  <testcase classname="Runner.RunCucumber" name="runScenario" time="1.660"/>
  <system-out/>
  <testcase classname="Runner.RunCucumber" name="runScenario" time="1.801"/>
  <system-out/>
  <testcase classname="Runner.RunCucumber" name="runScenario" time="17.504"/>
  <system-out/>
</testsuite> <!-- Runner.RunCucumber -->
