<?xml version="1.0" encoding="UTF-8"?>
<!-- Generated by org.testng.reporters.JUnitReportReporter -->
<testsuite hostname="DESKTOP-175K8UN" failures="0" tests="2" name="Runner.RunCucumber" time="38.595" errors="0" timestamp="2024-09-12T14:39:04 IST" skipped="0">
  <testcase classname="Runner.RunCucumber" name="runScenario" time="19.307"/>
  <system-out/>
  <testcase classname="Runner.RunCucumber" name="runScenario" time="19.288"/>
  <system-out/>
</testsuite> <!-- Runner.RunCucumber -->
