<?xml version="1.0" encoding="UTF-8"?>
<!-- Generated by org.testng.reporters.JUnitReportReporter -->
<testsuite hostname="DESKTOP-175K8UN" failures="0" tests="2" name="Runner.RunCucumber" time="90.411" errors="0" timestamp="2024-09-12T19:34:23 IST" skipped="0">
  <testcase classname="Runner.RunCucumber" name="runScenario" time="48.099"/>
  <system-out/>
  <testcase classname="Runner.RunCucumber" name="runScenario" time="42.312"/>
  <system-out/>
</testsuite> <!-- Runner.RunCucumber -->
