<?xml version="1.0" encoding="UTF-8"?>
<!-- Generated by org.testng.reporters.JUnitReportReporter -->
<testsuite hostname="DESKTOP-175K8UN" failures="0" tests="2" name="Runner.RunCucumber" time="48.265" errors="0" timestamp="2024-09-13T17:23:36 IST" skipped="0">
  <testcase classname="Runner.RunCucumber" name="runScenario" time="19.623"/>
  <system-out/>
  <testcase classname="Runner.RunCucumber" name="runScenario" time="28.642"/>
  <system-out/>
</testsuite> <!-- Runner.RunCucumber -->
