<?xml version="1.0" encoding="UTF-8"?>
<!-- Generated by org.testng.reporters.JUnitReportReporter -->
<testsuite hostname="DESKTOP-175K8UN" failures="0" tests="2" name="Runner.RunCucumber" time="51.230" errors="0" timestamp="2024-09-12T15:27:23 IST" skipped="0">
  <testcase classname="Runner.RunCucumber" name="runScenario" time="20.695"/>
  <system-out/>
  <testcase classname="Runner.RunCucumber" name="runScenario" time="30.535"/>
  <system-out/>
</testsuite> <!-- Runner.RunCucumber -->
